<?xml version="1.0" encoding="UTF-8"?>
<testsuite name="com.jojoldu.book.springboot.web.HelloControllerTest" tests="2" skipped="0" failures="0" errors="0" timestamp="2020-08-14T06:14:15" hostname="DESKTOP-VICNGCF" time="0.501">
  <properties/>
  <testcase name="hello가_리턴된다" classname="com.jojoldu.book.springboot.web.HelloControllerTest" time="0.213"/>
  <testcase name="helloDto가_리턴된다" classname="com.jojoldu.book.springboot.web.HelloControllerTest" time="0.287"/>
  <system-out><![CDATA[2020-08-14 15:14:11.501  INFO 19884 --- [    Test worker] .b.t.a.w.s.WebMvcTestContextBootstrapper : Neither @ContextConfiguration nor @ContextHierarchy found for test class [com.jojoldu.book.springboot.web.HelloControllerTest], using SpringBootContextLoader
2020-08-14 15:14:11.509  INFO 19884 --- [    Test worker] o.s.t.c.support.AbstractContextLoader    : Could not detect default resource locations for test class [com.jojoldu.book.springboot.web.HelloControllerTest]: no resource found for suffixes {-context.xml, Context.groovy}.
2020-08-14 15:14:11.511  INFO 19884 --- [    Test worker] t.c.s.AnnotationConfigContextLoaderUtils : Could not detect default configuration classes for test class [com.jojoldu.book.springboot.web.HelloControllerTest]: HelloControllerTest does not declare any static, non-private, non-final, nested classes annotated with @Configuration.
2020-08-14 15:14:11.618  INFO 19884 --- [    Test worker] .b.t.c.SpringBootTestContextBootstrapper : Found @SpringBootConfiguration com.jojoldu.book.springboot.Application for test class com.jojoldu.book.springboot.web.HelloControllerTest
2020-08-14 15:14:11.624  INFO 19884 --- [    Test worker] .b.t.a.w.s.WebMvcTestContextBootstrapper : Loaded default TestExecutionListener class names from location [META-INF/spring.factories]: [org.springframework.security.test.context.support.WithSecurityContextTestExecutionListener, org.springframework.security.test.context.support.ReactorContextTestExecutionListener, org.springframework.boot.test.autoconfigure.restdocs.RestDocsTestExecutionListener, org.springframework.boot.test.autoconfigure.web.client.MockRestServiceServerResetTestExecutionListener, org.springframework.boot.test.autoconfigure.web.servlet.MockMvcPrintOnlyOnFailureTestExecutionListener, org.springframework.boot.test.autoconfigure.web.servlet.WebDriverTestExecutionListener, org.springframework.boot.test.mock.mockito.MockitoTestExecutionListener, org.springframework.boot.test.mock.mockito.ResetMocksTestExecutionListener, org.springframework.test.context.web.ServletTestExecutionListener, org.springframework.test.context.support.DirtiesContextBeforeModesTestExecutionListener, org.springframework.test.context.support.DependencyInjectionTestExecutionListener, org.springframework.test.context.support.DirtiesContextTestExecutionListener, org.springframework.test.context.transaction.TransactionalTestExecutionListener, org.springframework.test.context.jdbc.SqlScriptsTestExecutionListener]
2020-08-14 15:14:11.630  INFO 19884 --- [    Test worker] .b.t.a.w.s.WebMvcTestContextBootstrapper : Using TestExecutionListeners: [org.springframework.test.context.web.ServletTestExecutionListener@1769789b, org.springframework.test.context.support.DirtiesContextBeforeModesTestExecutionListener@4f7be953, org.springframework.boot.test.mock.mockito.MockitoTestExecutionListener@304b1182, org.springframework.boot.test.autoconfigure.SpringBootDependencyInjectionTestExecutionListener@769320c9, org.springframework.test.context.support.DirtiesContextTestExecutionListener@2a623320, org.springframework.test.context.transaction.TransactionalTestExecutionListener@3ac3664e, org.springframework.test.context.jdbc.SqlScriptsTestExecutionListener@526ca795, org.springframework.security.test.context.support.WithSecurityContextTestExecutionListener@3d965079, org.springframework.security.test.context.support.ReactorContextTestExecutionListener@6d69fd8, org.springframework.boot.test.autoconfigure.restdocs.RestDocsTestExecutionListener@2706685a, org.springframework.boot.test.autoconfigure.web.client.MockRestServiceServerResetTestExecutionListener@10612320, org.springframework.boot.test.autoconfigure.web.servlet.MockMvcPrintOnlyOnFailureTestExecutionListener@1ffbbccd, org.springframework.boot.test.autoconfigure.web.servlet.WebDriverTestExecutionListener@2de1c8b5, org.springframework.boot.test.mock.mockito.ResetMocksTestExecutionListener@393131eb]

  .   ____          _            __ _ _
 /\\ / ___'_ __ _ _(_)_ __  __ _ \ \ \ \
( ( )\___ | '_ | '_| | '_ \/ _` | \ \ \ \
 \\/  ___)| |_)| | | | | || (_| |  ) ) ) )
  '  |____| .__|_| |_|_| |_\__, | / / / /
 =========|_|==============|___/=/_/_/_/
 :: Spring Boot ::        (v2.1.7.RELEASE)

2020-08-14 15:14:11.821  INFO 19884 --- [    Test worker] c.j.b.s.web.HelloControllerTest          : Starting HelloControllerTest on DESKTOP-VICNGCF with PID 19884 (started by willow in C:\dev\intelliJ\springboot2-webservice)
2020-08-14 15:14:11.826  INFO 19884 --- [    Test worker] c.j.b.s.web.HelloControllerTest          : No active profile set, falling back to default profiles: default
2020-08-14 15:14:13.424  INFO 19884 --- [    Test worker] o.s.s.concurrent.ThreadPoolTaskExecutor  : Initializing ExecutorService 'applicationTaskExecutor'
2020-08-14 15:14:13.545  INFO 19884 --- [    Test worker] o.s.b.a.w.s.WelcomePageHandlerMapping    : Adding welcome page template: index
2020-08-14 15:14:14.337  INFO 19884 --- [    Test worker] .s.s.UserDetailsServiceAutoConfiguration : 

Using generated security password: 16b02206-8259-4c59-9a91-50b4d435c657

2020-08-14 15:14:14.873  INFO 19884 --- [    Test worker] o.s.s.web.DefaultSecurityFilterChain     : Creating filter chain: any request, [org.springframework.security.web.context.request.async.WebAsyncManagerIntegrationFilter@11d9ace9, org.springframework.security.web.context.SecurityContextPersistenceFilter@3c6ef659, org.springframework.security.web.header.HeaderWriterFilter@133f40f3, org.springframework.security.web.csrf.CsrfFilter@460c5d07, org.springframework.security.web.authentication.logout.LogoutFilter@4b83d175, org.springframework.security.web.authentication.UsernamePasswordAuthenticationFilter@342efd20, org.springframework.security.web.authentication.ui.DefaultLoginPageGeneratingFilter@66e485b2, org.springframework.security.web.authentication.ui.DefaultLogoutPageGeneratingFilter@1dbc1ae3, org.springframework.security.web.authentication.www.BasicAuthenticationFilter@5e061411, org.springframework.security.web.savedrequest.RequestCacheAwareFilter@469c6b26, org.springframework.security.web.servletapi.SecurityContextHolderAwareRequestFilter@2fcd93de, org.springframework.security.web.authentication.AnonymousAuthenticationFilter@737433d9, org.springframework.security.web.session.SessionManagementFilter@37ffd3f6, org.springframework.security.web.access.ExceptionTranslationFilter@69f82f0, org.springframework.security.web.access.intercept.FilterSecurityInterceptor@7d4acb2f]
2020-08-14 15:14:15.017  INFO 19884 --- [    Test worker] o.s.b.t.m.w.SpringBootMockServletContext : Initializing Spring TestDispatcherServlet ''
2020-08-14 15:14:15.018  INFO 19884 --- [    Test worker] o.s.t.web.servlet.TestDispatcherServlet  : Initializing Servlet ''
2020-08-14 15:14:15.071  INFO 19884 --- [    Test worker] o.s.t.web.servlet.TestDispatcherServlet  : Completed initialization in 52 ms
2020-08-14 15:14:15.219  INFO 19884 --- [    Test worker] c.j.b.s.web.HelloControllerTest          : Started HelloControllerTest in 3.568 seconds (JVM running for 29.77)
]]></system-out>
  <system-err><![CDATA[]]></system-err>
</testsuite>
