<?xml version="1.0" encoding="UTF-8"?>
<testsuite name="com.jojoldu.book.springboot.web.HelloControllerTest" tests="2" skipped="0" failures="0" errors="0" timestamp="2020-08-12T07:30:58" hostname="DESKTOP-VICNGCF" time="0.688">
  <properties/>
  <testcase name="hello가_리턴된다" classname="com.jojoldu.book.springboot.web.HelloControllerTest" time="0.294"/>
  <testcase name="helloDto가_리턴된다" classname="com.jojoldu.book.springboot.web.HelloControllerTest" time="0.39"/>
  <system-out><![CDATA[2020-08-12 16:30:53.568  INFO 9668 --- [    Test worker] .b.t.a.w.s.WebMvcTestContextBootstrapper : Neither @ContextConfiguration nor @ContextHierarchy found for test class [com.jojoldu.book.springboot.web.HelloControllerTest], using SpringBootContextLoader
2020-08-12 16:30:53.570  INFO 9668 --- [    Test worker] o.s.t.c.support.AbstractContextLoader    : Could not detect default resource locations for test class [com.jojoldu.book.springboot.web.HelloControllerTest]: no resource found for suffixes {-context.xml, Context.groovy}.
2020-08-12 16:30:53.571  INFO 9668 --- [    Test worker] t.c.s.AnnotationConfigContextLoaderUtils : Could not detect default configuration classes for test class [com.jojoldu.book.springboot.web.HelloControllerTest]: HelloControllerTest does not declare any static, non-private, non-final, nested classes annotated with @Configuration.
2020-08-12 16:30:53.676  INFO 9668 --- [    Test worker] .b.t.c.SpringBootTestContextBootstrapper : Found @SpringBootConfiguration com.jojoldu.book.springboot.Application for test class com.jojoldu.book.springboot.web.HelloControllerTest
2020-08-12 16:30:53.677  INFO 9668 --- [    Test worker] .b.t.a.w.s.WebMvcTestContextBootstrapper : Loaded default TestExecutionListener class names from location [META-INF/spring.factories]: [org.springframework.security.test.context.support.WithSecurityContextTestExecutionListener, org.springframework.security.test.context.support.ReactorContextTestExecutionListener, org.springframework.boot.test.autoconfigure.restdocs.RestDocsTestExecutionListener, org.springframework.boot.test.autoconfigure.web.client.MockRestServiceServerResetTestExecutionListener, org.springframework.boot.test.autoconfigure.web.servlet.MockMvcPrintOnlyOnFailureTestExecutionListener, org.springframework.boot.test.autoconfigure.web.servlet.WebDriverTestExecutionListener, org.springframework.boot.test.mock.mockito.MockitoTestExecutionListener, org.springframework.boot.test.mock.mockito.ResetMocksTestExecutionListener, org.springframework.test.context.web.ServletTestExecutionListener, org.springframework.test.context.support.DirtiesContextBeforeModesTestExecutionListener, org.springframework.test.context.support.DependencyInjectionTestExecutionListener, org.springframework.test.context.support.DirtiesContextTestExecutionListener, org.springframework.test.context.transaction.TransactionalTestExecutionListener, org.springframework.test.context.jdbc.SqlScriptsTestExecutionListener]
2020-08-12 16:30:53.687  INFO 9668 --- [    Test worker] .b.t.a.w.s.WebMvcTestContextBootstrapper : Using TestExecutionListeners: [org.springframework.test.context.web.ServletTestExecutionListener@7e67b589, org.springframework.test.context.support.DirtiesContextBeforeModesTestExecutionListener@500fa21d, org.springframework.boot.test.mock.mockito.MockitoTestExecutionListener@3a752827, org.springframework.boot.test.autoconfigure.SpringBootDependencyInjectionTestExecutionListener@190933fd, org.springframework.test.context.support.DirtiesContextTestExecutionListener@5a0116a8, org.springframework.test.context.transaction.TransactionalTestExecutionListener@773348bf, org.springframework.test.context.jdbc.SqlScriptsTestExecutionListener@6494626e, org.springframework.security.test.context.support.WithSecurityContextTestExecutionListener@34d233da, org.springframework.security.test.context.support.ReactorContextTestExecutionListener@6634d7be, org.springframework.boot.test.autoconfigure.restdocs.RestDocsTestExecutionListener@baf1d77, org.springframework.boot.test.autoconfigure.web.client.MockRestServiceServerResetTestExecutionListener@4c6f997e, org.springframework.boot.test.autoconfigure.web.servlet.MockMvcPrintOnlyOnFailureTestExecutionListener@69862fca, org.springframework.boot.test.autoconfigure.web.servlet.WebDriverTestExecutionListener@29cf8c63, org.springframework.boot.test.mock.mockito.ResetMocksTestExecutionListener@5a787888]

  .   ____          _            __ _ _
 /\\ / ___'_ __ _ _(_)_ __  __ _ \ \ \ \
( ( )\___ | '_ | '_| | '_ \/ _` | \ \ \ \
 \\/  ___)| |_)| | | | | || (_| |  ) ) ) )
  '  |____| .__|_| |_|_| |_\__, | / / / /
 =========|_|==============|___/=/_/_/_/
 :: Spring Boot ::        (v2.1.7.RELEASE)

2020-08-12 16:30:53.922  INFO 9668 --- [    Test worker] c.j.b.s.web.HelloControllerTest          : Starting HelloControllerTest on DESKTOP-VICNGCF with PID 9668 (started by willow in C:\dev\intelliJ\springboot2-webservice)
2020-08-12 16:30:53.934  INFO 9668 --- [    Test worker] c.j.b.s.web.HelloControllerTest          : No active profile set, falling back to default profiles: default
2020-08-12 16:30:55.943  INFO 9668 --- [    Test worker] o.s.s.concurrent.ThreadPoolTaskExecutor  : Initializing ExecutorService 'applicationTaskExecutor'
2020-08-12 16:30:56.104  INFO 9668 --- [    Test worker] o.s.b.a.w.s.WelcomePageHandlerMapping    : Adding welcome page template: index
2020-08-12 16:30:57.090  INFO 9668 --- [    Test worker] .s.s.UserDetailsServiceAutoConfiguration : 

Using generated security password: 86c37f50-167b-4a1a-8f26-e545254616ef

2020-08-12 16:30:57.777  INFO 9668 --- [    Test worker] o.s.s.web.DefaultSecurityFilterChain     : Creating filter chain: any request, [org.springframework.security.web.context.request.async.WebAsyncManagerIntegrationFilter@209561f9, org.springframework.security.web.context.SecurityContextPersistenceFilter@6a2b9d18, org.springframework.security.web.header.HeaderWriterFilter@41f5009b, org.springframework.security.web.csrf.CsrfFilter@4ecf6d5, org.springframework.security.web.authentication.logout.LogoutFilter@565b1b27, org.springframework.security.web.authentication.UsernamePasswordAuthenticationFilter@61805b22, org.springframework.security.web.authentication.ui.DefaultLoginPageGeneratingFilter@48b7dc7f, org.springframework.security.web.authentication.ui.DefaultLogoutPageGeneratingFilter@69f82f0, org.springframework.security.web.authentication.www.BasicAuthenticationFilter@5348dfb7, org.springframework.security.web.savedrequest.RequestCacheAwareFilter@6340394d, org.springframework.security.web.servletapi.SecurityContextHolderAwareRequestFilter@a581c66, org.springframework.security.web.authentication.AnonymousAuthenticationFilter@133f40f3, org.springframework.security.web.session.SessionManagementFilter@22cc0c2e, org.springframework.security.web.access.ExceptionTranslationFilter@69fc13db, org.springframework.security.web.access.intercept.FilterSecurityInterceptor@a1f771f]
2020-08-12 16:30:57.934  INFO 9668 --- [    Test worker] o.s.b.t.m.w.SpringBootMockServletContext : Initializing Spring TestDispatcherServlet ''
2020-08-12 16:30:57.937  INFO 9668 --- [    Test worker] o.s.t.web.servlet.TestDispatcherServlet  : Initializing Servlet ''
2020-08-12 16:30:58.006  INFO 9668 --- [    Test worker] o.s.t.web.servlet.TestDispatcherServlet  : Completed initialization in 65 ms
2020-08-12 16:30:58.137  INFO 9668 --- [    Test worker] c.j.b.s.web.HelloControllerTest          : Started HelloControllerTest in 4.437 seconds (JVM running for 31.546)
]]></system-out>
  <system-err><![CDATA[]]></system-err>
</testsuite>
