<?xml version="1.0" encoding="UTF-8"?>
<testsuite name="com.jojoldu.book.springboot.web.IndexControllerTest" tests="1" skipped="0" failures="0" errors="0" timestamp="2020-08-10T06:27:44" hostname="DESKTOP-VICNGCF" time="0.519">
  <properties/>
  <testcase name="메인페이지_로딩" classname="com.jojoldu.book.springboot.web.IndexControllerTest" time="0.519"/>
  <system-out><![CDATA[2020-08-10 15:27:37.050  INFO 304 --- [    Test worker] .b.t.c.SpringBootTestContextBootstrapper : Neither @ContextConfiguration nor @ContextHierarchy found for test class [com.jojoldu.book.springboot.web.IndexControllerTest], using SpringBootContextLoader
2020-08-10 15:27:37.052  INFO 304 --- [    Test worker] o.s.t.c.support.AbstractContextLoader    : Could not detect default resource locations for test class [com.jojoldu.book.springboot.web.IndexControllerTest]: no resource found for suffixes {-context.xml, Context.groovy}.
2020-08-10 15:27:37.053  INFO 304 --- [    Test worker] t.c.s.AnnotationConfigContextLoaderUtils : Could not detect default configuration classes for test class [com.jojoldu.book.springboot.web.IndexControllerTest]: IndexControllerTest does not declare any static, non-private, non-final, nested classes annotated with @Configuration.
2020-08-10 15:27:37.057  INFO 304 --- [    Test worker] .b.t.c.SpringBootTestContextBootstrapper : Found @SpringBootConfiguration com.jojoldu.book.springboot.Application for test class com.jojoldu.book.springboot.web.IndexControllerTest
2020-08-10 15:27:37.060  INFO 304 --- [    Test worker] .b.t.c.SpringBootTestContextBootstrapper : Loaded default TestExecutionListener class names from location [META-INF/spring.factories]: [org.springframework.security.test.context.support.WithSecurityContextTestExecutionListener, org.springframework.security.test.context.support.ReactorContextTestExecutionListener, org.springframework.boot.test.autoconfigure.restdocs.RestDocsTestExecutionListener, org.springframework.boot.test.autoconfigure.web.client.MockRestServiceServerResetTestExecutionListener, org.springframework.boot.test.autoconfigure.web.servlet.MockMvcPrintOnlyOnFailureTestExecutionListener, org.springframework.boot.test.autoconfigure.web.servlet.WebDriverTestExecutionListener, org.springframework.boot.test.mock.mockito.MockitoTestExecutionListener, org.springframework.boot.test.mock.mockito.ResetMocksTestExecutionListener, org.springframework.test.context.web.ServletTestExecutionListener, org.springframework.test.context.support.DirtiesContextBeforeModesTestExecutionListener, org.springframework.test.context.support.DependencyInjectionTestExecutionListener, org.springframework.test.context.support.DirtiesContextTestExecutionListener, org.springframework.test.context.transaction.TransactionalTestExecutionListener, org.springframework.test.context.jdbc.SqlScriptsTestExecutionListener]
2020-08-10 15:27:37.064  INFO 304 --- [    Test worker] .b.t.c.SpringBootTestContextBootstrapper : Using TestExecutionListeners: [org.springframework.test.context.web.ServletTestExecutionListener@3a3181f2, org.springframework.test.context.support.DirtiesContextBeforeModesTestExecutionListener@1c784bd0, org.springframework.boot.test.mock.mockito.MockitoTestExecutionListener@74d30333, org.springframework.boot.test.autoconfigure.SpringBootDependencyInjectionTestExecutionListener@903f92f, org.springframework.test.context.support.DirtiesContextTestExecutionListener@3f0bd7ec, org.springframework.test.context.transaction.TransactionalTestExecutionListener@61f33d16, org.springframework.test.context.jdbc.SqlScriptsTestExecutionListener@d557080, org.springframework.security.test.context.support.WithSecurityContextTestExecutionListener@1b892a84, org.springframework.security.test.context.support.ReactorContextTestExecutionListener@7a5c3aae, org.springframework.boot.test.autoconfigure.restdocs.RestDocsTestExecutionListener@23fb37e, org.springframework.boot.test.autoconfigure.web.client.MockRestServiceServerResetTestExecutionListener@24c802c9, org.springframework.boot.test.autoconfigure.web.servlet.MockMvcPrintOnlyOnFailureTestExecutionListener@76c7c1de, org.springframework.boot.test.autoconfigure.web.servlet.WebDriverTestExecutionListener@6d550ce2, org.springframework.boot.test.mock.mockito.ResetMocksTestExecutionListener@128ee675]

  .   ____          _            __ _ _
 /\\ / ___'_ __ _ _(_)_ __  __ _ \ \ \ \
( ( )\___ | '_ | '_| | '_ \/ _` | \ \ \ \
 \\/  ___)| |_)| | | | | || (_| |  ) ) ) )
  '  |____| .__|_| |_|_| |_\__, | / / / /
 =========|_|==============|___/=/_/_/_/
 :: Spring Boot ::        (v2.1.7.RELEASE)

2020-08-10 15:27:37.185  INFO 304 --- [    Test worker] c.j.b.s.web.IndexControllerTest          : Starting IndexControllerTest on DESKTOP-VICNGCF with PID 304 (started by willow in C:\dev\intelliJ\springboot2-webservice)
2020-08-10 15:27:37.188  INFO 304 --- [    Test worker] c.j.b.s.web.IndexControllerTest          : No active profile set, falling back to default profiles: default
2020-08-10 15:27:38.008  INFO 304 --- [    Test worker] .s.d.r.c.RepositoryConfigurationDelegate : Bootstrapping Spring Data repositories in DEFAULT mode.
2020-08-10 15:27:38.120  INFO 304 --- [    Test worker] .s.d.r.c.RepositoryConfigurationDelegate : Finished Spring Data repository scanning in 111ms. Found 2 repository interfaces.
2020-08-10 15:27:38.451  INFO 304 --- [    Test worker] trationDelegate$BeanPostProcessorChecker : Bean 'org.springframework.transaction.annotation.ProxyTransactionManagementConfiguration' of type [org.springframework.transaction.annotation.ProxyTransactionManagementConfiguration$$EnhancerBySpringCGLIB$$d5c31a49] is not eligible for getting processed by all BeanPostProcessors (for example: not eligible for auto-proxying)
2020-08-10 15:27:39.282  INFO 304 --- [    Test worker] o.s.b.w.embedded.tomcat.TomcatWebServer  : Tomcat initialized with port(s): 0 (http)
2020-08-10 15:27:39.372  INFO 304 --- [    Test worker] o.apache.catalina.core.StandardService   : Starting service [Tomcat]
2020-08-10 15:27:39.373  INFO 304 --- [    Test worker] org.apache.catalina.core.StandardEngine  : Starting Servlet engine: [Apache Tomcat/9.0.22]
2020-08-10 15:27:39.996  INFO 304 --- [    Test worker] o.a.c.c.C.[Tomcat].[localhost].[/]       : Initializing Spring embedded WebApplicationContext
2020-08-10 15:27:39.997  INFO 304 --- [    Test worker] o.s.web.context.ContextLoader            : Root WebApplicationContext: initialization completed in 2796 ms
2020-08-10 15:27:40.683  INFO 304 --- [    Test worker] com.zaxxer.hikari.HikariDataSource       : HikariPool-2 - Starting...
2020-08-10 15:27:40.686  INFO 304 --- [    Test worker] com.zaxxer.hikari.HikariDataSource       : HikariPool-2 - Start completed.
2020-08-10 15:27:40.868  INFO 304 --- [    Test worker] o.hibernate.jpa.internal.util.LogHelper  : HHH000204: Processing PersistenceUnitInfo [
	name: default
	...]
2020-08-10 15:27:40.911  INFO 304 --- [    Test worker] org.hibernate.dialect.Dialect            : HHH000400: Using dialect: org.hibernate.dialect.MySQL5InnoDBDialect
Hibernate: drop table if exists posts
Hibernate: drop table if exists user
Hibernate: create table posts (id bigint not null auto_increment, created_date datetime, modified_date datetime, author varchar(255), content TEXT not null, title varchar(500) not null, primary key (id)) engine=InnoDB
Hibernate: create table user (id bigint not null auto_increment, created_date datetime, modified_date datetime, email varchar(255) not null, name varchar(255) not null, picture varchar(255), role varchar(255) not null, primary key (id)) engine=InnoDB
2020-08-10 15:27:41.088  INFO 304 --- [    Test worker] o.h.t.schema.internal.SchemaCreatorImpl  : HHH000476: Executing import script 'org.hibernate.tool.schema.internal.exec.ScriptSourceInputNonExistentImpl@58625bed'
2020-08-10 15:27:41.088  INFO 304 --- [    Test worker] j.LocalContainerEntityManagerFactoryBean : Initialized JPA EntityManagerFactory for persistence unit 'default'
2020-08-10 15:27:42.194  INFO 304 --- [    Test worker] o.h.h.i.QueryTranslatorFactoryInitiator  : HHH000397: Using ASTQueryTranslatorFactory
2020-08-10 15:27:42.763  INFO 304 --- [    Test worker] o.s.s.web.DefaultSecurityFilterChain     : Creating filter chain: any request, [org.springframework.security.web.context.request.async.WebAsyncManagerIntegrationFilter@7b7a67ed, org.springframework.security.web.context.SecurityContextPersistenceFilter@eba87fe, org.springframework.security.web.header.HeaderWriterFilter@57e86427, org.springframework.security.web.authentication.logout.LogoutFilter@7036d416, org.springframework.security.oauth2.client.web.OAuth2AuthorizationRequestRedirectFilter@20abc8fc, org.springframework.security.oauth2.client.web.OAuth2LoginAuthenticationFilter@2a76afcc, org.springframework.security.web.authentication.ui.DefaultLoginPageGeneratingFilter@2ae933c2, org.springframework.security.web.authentication.ui.DefaultLogoutPageGeneratingFilter@4b4caed3, org.springframework.security.web.savedrequest.RequestCacheAwareFilter@ac23756, org.springframework.security.web.servletapi.SecurityContextHolderAwareRequestFilter@1e1fb375, org.springframework.security.web.authentication.AnonymousAuthenticationFilter@355e736e, org.springframework.security.web.session.SessionManagementFilter@6f0b7925, org.springframework.security.web.access.ExceptionTranslationFilter@a11cda2, org.springframework.security.web.access.intercept.FilterSecurityInterceptor@26c2d881]
2020-08-10 15:27:43.555  INFO 304 --- [    Test worker] o.s.s.concurrent.ThreadPoolTaskExecutor  : Initializing ExecutorService 'applicationTaskExecutor'
2020-08-10 15:27:43.599  WARN 304 --- [    Test worker] aWebConfiguration$JpaWebMvcConfiguration : spring.jpa.open-in-view is enabled by default. Therefore, database queries may be performed during view rendering. Explicitly configure spring.jpa.open-in-view to disable this warning
2020-08-10 15:27:43.695  INFO 304 --- [    Test worker] o.s.b.a.w.s.WelcomePageHandlerMapping    : Adding welcome page template: index
2020-08-10 15:27:44.659  INFO 304 --- [    Test worker] s.a.ScheduledAnnotationBeanPostProcessor : No TaskScheduler/ScheduledExecutorService bean found for scheduled processing
2020-08-10 15:27:44.723  INFO 304 --- [    Test worker] o.s.b.w.embedded.tomcat.TomcatWebServer  : Tomcat started on port(s): 63499 (http) with context path ''
2020-08-10 15:27:44.726  INFO 304 --- [    Test worker] c.j.b.s.web.IndexControllerTest          : Started IndexControllerTest in 7.658 seconds (JVM running for 38.742)
2020-08-10 15:27:44.996  INFO 304 --- [o-auto-1-exec-1] o.a.c.c.C.[Tomcat].[localhost].[/]       : Initializing Spring DispatcherServlet 'dispatcherServlet'
2020-08-10 15:27:44.997  INFO 304 --- [o-auto-1-exec-1] o.s.web.servlet.DispatcherServlet        : Initializing Servlet 'dispatcherServlet'
2020-08-10 15:27:45.070  INFO 304 --- [o-auto-1-exec-1] o.s.web.servlet.DispatcherServlet        : Completed initialization in 72 ms
Hibernate: select posts0_.id as id1_0_, posts0_.created_date as created_2_0_, posts0_.modified_date as modified3_0_, posts0_.author as author4_0_, posts0_.content as content5_0_, posts0_.title as title6_0_ from posts posts0_ order by posts0_.id DESC
]]></system-out>
  <system-err><![CDATA[]]></system-err>
</testsuite>
